<?xml version="1.0" encoding="UTF-8"?>
<!-- Generated by org.testng.reporters.JUnitReportReporter -->
<testsuite hostname="CSCO-W-PF2S45G1" failures="0" tests="5" name="Capstone_project.Sauce_demo.Buy_product_steps_test" time="24.614" errors="0" timestamp="2023-05-21T09:03:11 IST" skipped="0">
  <testcase classname="Capstone_project.Sauce_demo.Buy_product_steps_test" name="Login" time="6.656"/>
  <system-out/>
  <testcase classname="Capstone_project.Sauce_demo.Buy_product_steps_test" name="View_product_and_add_to_cart" time="7.220"/>
  <system-out/>
  <testcase classname="Capstone_project.Sauce_demo.Buy_product_steps_test" name="View_cart_checkout_cart" time="4.191"/>
  <system-out/>
  <testcase classname="Capstone_project.Sauce_demo.Buy_product_steps_test" name="Complete_checkout" time="4.493"/>
  <system-out/>
  <testcase classname="Capstone_project.Sauce_demo.Buy_product_steps_test" name="Order_success_validation" time="2.054"/>
  <system-out/>
</testsuite> <!-- Capstone_project.Sauce_demo.Buy_product_steps_test -->
